<?xml version="1.0" encoding="UTF-8"?>
<!-- Generated by org.testng.reporters.JUnitXMLReporter -->
<testsuite ignored="2" hostname="pradeeps-macbook.local" failures="0" tests="0" time="0.01" errors="0" timestamp="2025-07-15T18:23:32 IST">
  <testcase classname="Ecomm_framework.Tests.ErrorValidationTest" name="SubmitOrder" time="0.0">
    <ignored/>
  </testcase> <!-- SubmitOrder -->
  <testcase classname="Ecomm_framework.Tests.ErrorValidationTest" name="productErrorValidation" time="0.0">
    <ignored/>
  </testcase> <!-- productErrorValidation -->
</testsuite>
