<?xml version="1.0" encoding="UTF-8"?>
<!-- Generated by org.testng.reporters.JUnitXMLReporter -->
<testsuite ignored="0" hostname="pradeeps-macbook.local" failures="0" tests="2" name="Negative Scenerio" time="18.102" errors="0" timestamp="2025-07-15T21:39:29 IST">
  <testcase classname="Ecomm_BDD_framework.Tests.ErrorValidationTest" name="SubmitOrder" time="0.833"/>
  <testcase classname="Ecomm_BDD_framework.Tests.ErrorValidationTest" name="productErrorValidation" time="6.121"/>
</testsuite> <!-- Negative Scenerio -->
