<?xml version="1.0" encoding="UTF-8"?>
<testng-results ignored="1" total="3" passed="2" failed="0" skipped="0">
  <reporter-output>
  </reporter-output>
  <suite started-at="2025-07-15T21:39:06 IST" name="Suite" finished-at="2025-07-15T21:39:29 IST" duration-ms="23138">
    <groups>
      <group name="ErrorHandling">
        <method signature="ErrorValidationTest.SubmitOrder()[pri:0, instance:Ecomm_BDD_framework.Tests.ErrorValidationTest@159f197]" name="SubmitOrder" class="Ecomm_BDD_framework.Tests.ErrorValidationTest"/>
        <method signature="ErrorValidationTest.productErrorValidation()[pri:0, instance:Ecomm_BDD_framework.Tests.ErrorValidationTest@159f197]" name="productErrorValidation" class="Ecomm_BDD_framework.Tests.ErrorValidationTest"/>
      </group> <!-- ErrorHandling -->
    </groups>
    <test started-at="2025-07-15T21:39:06 IST" name="Negative Scenerio" finished-at="2025-07-15T21:39:24 IST" duration-ms="18102">
      <class name="Ecomm_BDD_framework.Tests.ErrorValidationTest">
        <test-method is-config="true" signature="launchApp()[pri:0, instance:Ecomm_BDD_framework.Tests.ErrorValidationTest@159f197]" started-at="2025-07-15T21:39:06 IST" name="launchApp" finished-at="2025-07-15T21:39:11 IST" duration-ms="5278" status="PASS">
          <reporter-output>
          </reporter-output>
        </test-method> <!-- launchApp -->
        <test-method signature="SubmitOrder()[pri:0, instance:Ecomm_BDD_framework.Tests.ErrorValidationTest@159f197]" started-at="2025-07-15T21:39:11 IST" name="SubmitOrder" finished-at="2025-07-15T21:39:12 IST" duration-ms="833" status="PASS">
          <reporter-output>
          </reporter-output>
        </test-method> <!-- SubmitOrder -->
        <test-method is-config="true" signature="tearDown()[pri:0, instance:Ecomm_BDD_framework.Tests.ErrorValidationTest@159f197]" started-at="2025-07-15T21:39:12 IST" name="tearDown" finished-at="2025-07-15T21:39:13 IST" duration-ms="720" status="PASS">
          <reporter-output>
          </reporter-output>
        </test-method> <!-- tearDown -->
        <test-method is-config="true" signature="launchApp()[pri:0, instance:Ecomm_BDD_framework.Tests.ErrorValidationTest@159f197]" started-at="2025-07-15T21:39:13 IST" name="launchApp" finished-at="2025-07-15T21:39:17 IST" duration-ms="4412" status="PASS">
          <reporter-output>
          </reporter-output>
        </test-method> <!-- launchApp -->
        <test-method signature="productErrorValidation()[pri:0, instance:Ecomm_BDD_framework.Tests.ErrorValidationTest@159f197]" started-at="2025-07-15T21:39:17 IST" name="productErrorValidation" finished-at="2025-07-15T21:39:23 IST" duration-ms="6121" status="PASS">
          <reporter-output>
          </reporter-output>
        </test-method> <!-- productErrorValidation -->
        <test-method is-config="true" signature="tearDown()[pri:0, instance:Ecomm_BDD_framework.Tests.ErrorValidationTest@159f197]" started-at="2025-07-15T21:39:23 IST" name="tearDown" finished-at="2025-07-15T21:39:24 IST" duration-ms="703" status="PASS">
          <reporter-output>
          </reporter-output>
        </test-method> <!-- tearDown -->
      </class> <!-- Ecomm_BDD_framework.Tests.ErrorValidationTest -->
    </test> <!-- Negative Scenerio -->
    <test started-at="2025-07-15T21:39:29 IST" name="Positive Scenerio" finished-at="2025-07-15T21:39:29 IST" duration-ms="0">
    </test> <!-- Positive Scenerio -->
  </suite> <!-- Suite -->
</testng-results>
