<?xml version="1.0" encoding="UTF-8"?>
<testng-results ignored="0" total="1" passed="1" failed="0" skipped="0">
  <reporter-output>
  </reporter-output>
  <suite started-at="2025-07-16T11:24:38 IST" name="Default suite" finished-at="2025-07-16T11:25:05 IST" duration-ms="26961">
    <groups>
      <group name="cucumber">
        <method signature="AbstractTestNGCucumberTests.runScenario(io.cucumber.testng.PickleWrapper,io.cucumber.testng.FeatureWrapper)[pri:0, instance:Ecomm_BDD_framework.cucumber.TestNGRunner@55183b20]" name="runScenario" class="io.cucumber.testng.AbstractTestNGCucumberTests"/>
      </group> <!-- cucumber -->
    </groups>
    <test started-at="2025-07-16T11:24:38 IST" name="Default test" finished-at="2025-07-16T11:25:05 IST" duration-ms="26961">
      <class name="Ecomm_BDD_framework.cucumber.TestNGRunner">
        <test-method is-config="true" signature="setUpClass(org.testng.ITestContext)[pri:0, instance:Ecomm_BDD_framework.cucumber.TestNGRunner@55183b20]" started-at="2025-07-16T11:24:38 IST" name="setUpClass" finished-at="2025-07-16T11:24:38 IST" duration-ms="152" status="PASS">
          <params>
            <param index="0">
              <value>
                <![CDATA[org.testng.TestRunner@5c82cd4f]]>
              </value>
            </param>
          </params>
          <reporter-output>
          </reporter-output>
        </test-method> <!-- setUpClass -->
        <test-method signature="runScenario(io.cucumber.testng.PickleWrapper,io.cucumber.testng.FeatureWrapper)[pri:0, instance:Ecomm_BDD_framework.cucumber.TestNGRunner@55183b20]" started-at="2025-07-16T11:24:38 IST" name="runScenario" description="Runs Cucumber Scenarios" data-provider="scenarios" finished-at="2025-07-16T11:25:05 IST" duration-ms="26777" status="PASS">
          <params>
            <param index="0">
              <value>
                <![CDATA["Submit an order successfully with invalid coupon"]]>
              </value>
            </param>
            <param index="1">
              <value>
                <![CDATA["Purchase the product from e-commerce website"]]>
              </value>
            </param>
          </params>
          <reporter-output>
          </reporter-output>
        </test-method> <!-- runScenario -->
        <test-method is-config="true" signature="tearDownClass()[pri:0, instance:Ecomm_BDD_framework.cucumber.TestNGRunner@55183b20]" started-at="2025-07-16T11:25:05 IST" name="tearDownClass" finished-at="2025-07-16T11:25:05 IST" duration-ms="1" status="PASS">
          <reporter-output>
          </reporter-output>
        </test-method> <!-- tearDownClass -->
      </class> <!-- Ecomm_BDD_framework.cucumber.TestNGRunner -->
    </test> <!-- Default test -->
  </suite> <!-- Default suite -->
</testng-results>
