<?xml version="1.0" encoding="UTF-8"?>
<testng-results ignored="0" total="1" passed="1" failed="0" skipped="0">
  <reporter-output>
  </reporter-output>
  <suite started-at="2025-07-16T13:17:22 IST" name="Default suite" finished-at="2025-07-16T13:17:36 IST" duration-ms="14439">
    <groups>
      <group name="cucumber">
        <method signature="AbstractTestNGCucumberTests.runScenario(io.cucumber.testng.PickleWrapper,io.cucumber.testng.FeatureWrapper)[pri:0, instance:Ecomm_BDD_framework.cucumber.TestNGRunner@55183b20]" name="runScenario" class="io.cucumber.testng.AbstractTestNGCucumberTests"/>
      </group> <!-- cucumber -->
    </groups>
    <test started-at="2025-07-16T13:17:22 IST" name="Default test" finished-at="2025-07-16T13:17:36 IST" duration-ms="14439">
      <class name="Ecomm_BDD_framework.cucumber.TestNGRunner">
        <test-method is-config="true" signature="setUpClass(org.testng.ITestContext)[pri:0, instance:Ecomm_BDD_framework.cucumber.TestNGRunner@55183b20]" started-at="2025-07-16T13:17:22 IST" name="setUpClass" finished-at="2025-07-16T13:17:22 IST" duration-ms="356" status="PASS">
          <params>
            <param index="0">
              <value>
                <![CDATA[org.testng.TestRunner@618ad2aa]]>
              </value>
            </param>
          </params>
          <reporter-output>
          </reporter-output>
        </test-method> <!-- setUpClass -->
        <test-method signature="runScenario(io.cucumber.testng.PickleWrapper,io.cucumber.testng.FeatureWrapper)[pri:0, instance:Ecomm_BDD_framework.cucumber.TestNGRunner@55183b20]" started-at="2025-07-16T13:17:22 IST" name="runScenario" description="Runs Cucumber Scenarios" data-provider="scenarios" finished-at="2025-07-16T13:17:36 IST" duration-ms="14022" status="PASS">
          <params>
            <param index="0">
              <value>
                <![CDATA["verify for invalid product"]]>
              </value>
            </param>
            <param index="1">
              <value>
                <![CDATA["Purchase the product from e-commerce website"]]>
              </value>
            </param>
          </params>
          <reporter-output>
          </reporter-output>
        </test-method> <!-- runScenario -->
        <test-method is-config="true" signature="tearDownClass()[pri:0, instance:Ecomm_BDD_framework.cucumber.TestNGRunner@55183b20]" started-at="2025-07-16T13:17:36 IST" name="tearDownClass" finished-at="2025-07-16T13:17:36 IST" duration-ms="25" status="PASS">
          <reporter-output>
          </reporter-output>
        </test-method> <!-- tearDownClass -->
      </class> <!-- Ecomm_BDD_framework.cucumber.TestNGRunner -->
    </test> <!-- Default test -->
  </suite> <!-- Default suite -->
</testng-results>
